<?xml version="1.0" encoding="UTF-8"?>
<!-- Generated by org.testng.reporters.JUnitReportReporter -->
<testsuite skipped="0" hostname="idea-PC3" name="com.crm.qa.testcases.LoginPageTest" tests="3" failures="0" timestamp="29 Jan 2021 10:04:47 GMT" time="40.839" errors="0">
  <testcase name="loginPageTitleTest" time="9.493" classname="com.crm.qa.testcases.LoginPageTest"/>
  <testcase name="crmLogoImageTest" time="11.307" classname="com.crm.qa.testcases.LoginPageTest"/>
  <testcase name="loginTest" time="20.039" classname="com.crm.qa.testcases.LoginPageTest"/>
</testsuite> <!-- com.crm.qa.testcases.LoginPageTest -->
