<?xml version="1.0" encoding="UTF-8"?>
<!-- Generated by org.testng.reporters.JUnitReportReporter -->
<testsuite skipped="0" hostname="idea-PC3" name="com.crm.qa.testcases.LoginPageTest" tests="3" failures="0" timestamp="28 Jan 2021 09:49:11 GMT" time="40.892" errors="0">
  <testcase name="loginPageTitleTest" time="10.351" classname="com.crm.qa.testcases.LoginPageTest"/>
  <testcase name="crmLogoImageTest" time="9.883" classname="com.crm.qa.testcases.LoginPageTest"/>
  <testcase name="loginTest" time="20.658" classname="com.crm.qa.testcases.LoginPageTest"/>
</testsuite> <!-- com.crm.qa.testcases.LoginPageTest -->
