<?xml version="1.0" encoding="UTF-8"?>
<!-- Generated by org.testng.reporters.JUnitReportReporter -->
<testsuite skipped="0" hostname="idea-PC3" name="com.crm.qa.testcases.HomePageTest" tests="3" failures="0" timestamp="28 Jan 2021 09:49:11 GMT" time="70.490" errors="0">
  <testcase name="verifyHomePageTitleTest" time="23.596" classname="com.crm.qa.testcases.HomePageTest"/>
  <testcase name="VerifyUserNameTest" time="20.967" classname="com.crm.qa.testcases.HomePageTest"/>
  <testcase name="VerifyContactsLink" time="25.927" classname="com.crm.qa.testcases.HomePageTest"/>
</testsuite> <!-- com.crm.qa.testcases.HomePageTest -->
